Using pre-set license
Built from '2022.3/staging' branch; Version is '2022.3.16f1 (d2c21f0ef2f1) revision 13812255'; Using compiler version '192829333'; Build Type 'Release'
OS: 'Windows 10  (10.0.19045) 64bit Professional' Language: 'en' Physical Memory: 5984 MB
BatchMode: 1, IsHumanControllingUs: 0, StartBugReporterOnCrash: 0, Is64bit: 1, IsPro: 1

COMMAND LINE ARGUMENTS:
C:\Program Files\Unity\Hub\Editor\2022.3.16f1\Editor\Unity.exe
-adb2
-batchMode
-noUpm
-name
AssetImportWorker0
-projectPath
C:/Users/quoc2/Desktop/Topdown-main (1)/Topdown-main/Game5
-logFile
Logs/AssetImportWorker0.log
-srvPort
51959
Successfully changed project path to: C:/Users/quoc2/Desktop/Topdown-main (1)/Topdown-main/Game5
C:/Users/quoc2/Desktop/Topdown-main (1)/Topdown-main/Game5
[UnityMemory] Configuration Parameters - Can be set up in boot.config
    "memorysetup-bucket-allocator-granularity=16"
    "memorysetup-bucket-allocator-bucket-count=8"
    "memorysetup-bucket-allocator-block-size=33554432"
    "memorysetup-bucket-allocator-block-count=8"
    "memorysetup-main-allocator-block-size=16777216"
    "memorysetup-thread-allocator-block-size=16777216"
    "memorysetup-gfx-main-allocator-block-size=16777216"
    "memorysetup-gfx-thread-allocator-block-size=16777216"
    "memorysetup-cache-allocator-block-size=4194304"
    "memorysetup-typetree-allocator-block-size=2097152"
    "memorysetup-profiler-bucket-allocator-granularity=16"
    "memorysetup-profiler-bucket-allocator-bucket-count=8"
    "memorysetup-profiler-bucket-allocator-block-size=33554432"
    "memorysetup-profiler-bucket-allocator-block-count=8"
    "memorysetup-profiler-allocator-block-size=16777216"
    "memorysetup-profiler-editor-allocator-block-size=1048576"
    "memorysetup-temp-allocator-size-main=16777216"
    "memorysetup-job-temp-allocator-block-size=2097152"
    "memorysetup-job-temp-allocator-block-size-background=1048576"
    "memorysetup-job-temp-allocator-reduction-small-platforms=262144"
    "memorysetup-allocator-temp-initial-block-size-main=262144"
    "memorysetup-allocator-temp-initial-block-size-worker=262144"
    "memorysetup-temp-allocator-size-background-worker=32768"
    "memorysetup-temp-allocator-size-job-worker=262144"
    "memorysetup-temp-allocator-size-preload-manager=33554432"
    "memorysetup-temp-allocator-size-nav-mesh-worker=65536"
    "memorysetup-temp-allocator-size-audio-worker=65536"
    "memorysetup-temp-allocator-size-cloud-worker=32768"
    "memorysetup-temp-allocator-size-gi-baking-worker=262144"
    "memorysetup-temp-allocator-size-gfx=262144"
Player connection [13424] Host "[IP] 192.168.1.3 [Port] 0 [Flags] 2 [Guid] 274173398 [EditorId] 274173398 [Version] 1048832 [Id] WindowsEditor(7,DESKTOP-61OTVC9) [Debug] 1 [PackageName] WindowsEditor [ProjectName] Editor" joined multi-casting on [225.0.0.222:54997]...

Player connection [13424] Host "[IP] 192.168.1.3 [Port] 0 [Flags] 2 [Guid] 274173398 [EditorId] 274173398 [Version] 1048832 [Id] WindowsEditor(7,DESKTOP-61OTVC9) [Debug] 1 [PackageName] WindowsEditor [ProjectName] Editor" joined alternative multi-casting on [225.0.0.222:34997]...

[Physics::Module] Initialized MultithreadedJobDispatcher with 1 workers.
Refreshing native plugins compatible for Editor in 10379.35 ms, found 3 plugins.
Preloading 0 native plugins for Editor in 0.00 ms.
Initialize engine version: 2022.3.16f1 (d2c21f0ef2f1)
[Subsystems] Discovering subsystems at path C:/Program Files/Unity/Hub/Editor/2022.3.16f1/Editor/Data/Resources/UnitySubsystems
[Subsystems] Discovering subsystems at path C:/Users/quoc2/Desktop/Topdown-main (1)/Topdown-main/Game5/Assets
GfxDevice: creating device client; threaded=0; jobified=0
Direct3D:
    Version:  Direct3D 11.0 [level 11.1]
    Renderer: Intel(R) UHD Graphics 600 (ID=0x3185)
    Vendor:   Intel
    VRAM:     2992 MB
    Driver:   31.0.101.2111
Initialize mono
Mono path[0] = 'C:/Program Files/Unity/Hub/Editor/2022.3.16f1/Editor/Data/Managed'
Mono path[1] = 'C:/Program Files/Unity/Hub/Editor/2022.3.16f1/Editor/Data/MonoBleedingEdge/lib/mono/unityjit-win32'
Mono config path = 'C:/Program Files/Unity/Hub/Editor/2022.3.16f1/Editor/Data/MonoBleedingEdge/etc'
Using monoOptions --debugger-agent=transport=dt_socket,embedding=1,server=y,suspend=n,address=127.0.0.1:56432
Begin MonoManager ReloadAssembly
Registering precompiled unity dll's ...
Register platform support module: C:/Program Files/Unity/Hub/Editor/2022.3.16f1/Editor/Data/PlaybackEngines/WindowsStandaloneSupport/UnityEditor.WindowsStandalone.Extensions.dll
Registered in 0.253843 seconds.
- Loaded All Assemblies, in 15.741 seconds
Native extension for WindowsStandalone target not found
Mono: successfully reloaded assembly
- Finished resetting the current domain, in  0.872 seconds
Domain Reload Profiling: 16613ms
	BeginReloadAssembly (11853ms)
		ExecutionOrderSort (0ms)
		DisableScriptedObjects (0ms)
		BackupInstance (0ms)
		ReleaseScriptingObjects (0ms)
		CreateAndSetChildDomain (5ms)
	RebuildCommonClasses (1121ms)
	RebuildNativeTypeToScriptingClass (37ms)
	initialDomainReloadingComplete (406ms)
	LoadAllAssembliesAndSetupDomain (2320ms)
		LoadAssemblies (11839ms)
		RebuildTransferFunctionScriptingTraits (0ms)
		AnalyzeDomain (2308ms)
			TypeCache.Refresh (2303ms)
				TypeCache.ScanAssembly (1697ms)
			ScanForSourceGeneratedMonoScriptInfo (1ms)
			ResolveRequiredComponents (3ms)
	FinalizeReload (876ms)
		ReleaseScriptCaches (0ms)
		RebuildScriptCaches (0ms)
		SetupLoadedEditorAssemblies (706ms)
			LogAssemblyErrors (0ms)
			InitializePlatformSupportModulesInManaged (29ms)
			SetLoadedEditorAssemblies (22ms)
			RefreshPlugins (0ms)
			BeforeProcessingInitializeOnLoad (14ms)
			ProcessInitializeOnLoadAttributes (500ms)
			ProcessInitializeOnLoadMethodAttributes (139ms)
			AfterProcessingInitializeOnLoad (0ms)
			EditorAssembliesLoaded (2ms)
		ExecutionOrderSort2 (0ms)
		AwakeInstancesAfterBackupRestoration (0ms)
========================================================================
Worker process is ready to serve import requests
Begin MonoManager ReloadAssembly
- Loaded All Assemblies, in 35.622 seconds
Refreshing native plugins compatible for Editor in 25.63 ms, found 3 plugins.
Native extension for WindowsStandalone target not found
Package Manager log level set to [2]
[Package Manager] Server::EnsureServerProcessIsRunning -- launch failed, reason: Unity was launched with the -noUpm command-line argument
[Package Manager] UpmClient::Send -- Unable to send message (not connected to UPM process).
[Package Manager] Cannot connect to Unity Package Manager local server
Mono: successfully reloaded assembly
- Finished resetting the current domain, in  5.381 seconds
Domain Reload Profiling: 40990ms
	BeginReloadAssembly (426ms)
		ExecutionOrderSort (0ms)
		DisableScriptedObjects (24ms)
		BackupInstance (0ms)
		ReleaseScriptingObjects (0ms)
		CreateAndSetChildDomain (67ms)
	RebuildCommonClasses (82ms)
	RebuildNativeTypeToScriptingClass (26ms)
	initialDomainReloadingComplete (98ms)
	LoadAllAssembliesAndSetupDomain (34976ms)
		LoadAssemblies (31105ms)
		RebuildTransferFunctionScriptingTraits (0ms)
		AnalyzeDomain (4074ms)
			TypeCache.Refresh (3888ms)
				TypeCache.ScanAssembly (3255ms)
			ScanForSourceGeneratedMonoScriptInfo (149ms)
			ResolveRequiredComponents (32ms)
	FinalizeReload (5382ms)
		ReleaseScriptCaches (0ms)
		RebuildScriptCaches (0ms)
		SetupLoadedEditorAssemblies (4175ms)
			LogAssemblyErrors (0ms)
			InitializePlatformSupportModulesInManaged (21ms)
			SetLoadedEditorAssemblies (15ms)
			RefreshPlugins (0ms)
			BeforeProcessingInitializeOnLoad (293ms)
			ProcessInitializeOnLoadAttributes (3055ms)
			ProcessInitializeOnLoadMethodAttributes (690ms)
			AfterProcessingInitializeOnLoad (100ms)
			EditorAssembliesLoaded (1ms)
		ExecutionOrderSort2 (0ms)
		AwakeInstancesAfterBackupRestoration (28ms)
Launched and connected shader compiler UnityShaderCompiler.exe after 0.45 seconds
Refreshing native plugins compatible for Editor in 213.85 ms, found 3 plugins.
Preloading 0 native plugins for Editor in 0.00 ms.
Unloading 3582 Unused Serialized files (Serialized files now loaded: 0)
Unloading 77 unused Assets / (0.9 MB). Loaded Objects now: 4044.
Memory consumption went from 143.5 MB to 142.6 MB.
Total: 32.224400 ms (FindLiveObjects: 2.551700 ms CreateObjectMapping: 0.705200 ms MarkObjects: 28.024100 ms  DeleteObjects: 0.939700 ms)

AssetImportParameters requested are different than current active one (requested -> active):
  custom:container-demuxer-ogg: 62fdf1f143b41e24485cea50d1cbac27 -> 
  custom:video-decoder-ogg-theora: a1e56fd34408186e4bbccfd4996cb3dc -> 
  custom:framework-win-MediaFoundation: 216162199b28c13a410421893ffa2e32 -> 
  custom:CustomObjectIndexerAttribute: 43b350a4d6e6d1791af0b5038c4bea17 -> 
  custom:container-demuxer-webm: 4f35f7cbe854078d1ac9338744f61a02 -> 
  custom:container-muxer-webm: aa71ff27fc2769a1b78a27578f13a17b -> 
  custom:video-decoder-webm-vp8: 9c59270c3fd7afecdb556c50c9e8de78 -> 
  custom:SearchIndexIgnoredProperties: e643bd26f0fe6173181afceb89e7c659 -> 
  custom:AudioImporter_EditorPlatform: d09bf68614088b80899f8185d706f6e7 -> 
  custom:video-encoder-webm-vp8: eb34c28f22e8b96e1ab97ce403110664 -> 
  custom:audio-decoder-ogg-vorbis: bf7c407c2cedff20999df2af8eb42d56 -> 
  custom:audio-encoder-webm-vorbis: bf7c407c2cedff20999df2af8eb42d56 -> 
========================================================================
Received Import Request.
  Time since last request: 430251.533728 seconds.
  path: Assets/Resources/Title MAp/Base/Dungeon/Dungeon.prefab
  artifactKey: Guid(c08463c444adec64987067d9a6b65340) Importer(815301076,1909f56bfc062723c751e8b465ee728b)
Start importing Assets/Resources/Title MAp/Base/Dungeon/Dungeon.prefab using Guid(c08463c444adec64987067d9a6b65340) Importer(815301076,1909f56bfc062723c751e8b465ee728b)  -> (artifact id: '9e423eb2ec38f1c4c1df8797c6cb60c4') in 4.332499 seconds
Number of updated asset objects reloaded before import = 0
Number of asset objects unloaded after import = 209
========================================================================
Received Import Request.
  Time since last request: 3075.734156 seconds.
  path: Assets/Resources/Textures/TitleSet Base/LightShadow_pipo.png
  artifactKey: Guid(6803c8ab54b68384582d4ffb3d382fb9) Importer(815301076,1909f56bfc062723c751e8b465ee728b)
Start importing Assets/Resources/Textures/TitleSet Base/LightShadow_pipo.png using Guid(6803c8ab54b68384582d4ffb3d382fb9) Importer(815301076,1909f56bfc062723c751e8b465ee728b)  -> (artifact id: '8941709509a6555928df548b1385997a') in 3.354462 seconds
Number of updated asset objects reloaded before import = 0
Number of asset objects unloaded after import = 3
========================================================================
Received Import Request.
  Time since last request: 4.048421 seconds.
  path: Assets/Resources/Textures/TitleSet Base/LightShadow_pipo.png
  artifactKey: Guid(6803c8ab54b68384582d4ffb3d382fb9) Importer(815301076,1909f56bfc062723c751e8b465ee728b)
Start importing Assets/Resources/Textures/TitleSet Base/LightShadow_pipo.png using Guid(6803c8ab54b68384582d4ffb3d382fb9) Importer(815301076,1909f56bfc062723c751e8b465ee728b)  -> (artifact id: '2017c5aa6826794df102ccee7d3e6eb4') in 0.379797 seconds
Number of updated asset objects reloaded before import = 0
Number of asset objects unloaded after import = 2
========================================================================
Received Import Request.
  Time since last request: 129.399420 seconds.
  path: Assets/Resources/Textures/Bullet/smallCircle.png
  artifactKey: Guid(ecfbf915155e35e47ad5b2192dd28821) Importer(815301076,1909f56bfc062723c751e8b465ee728b)
Start importing Assets/Resources/Textures/Bullet/smallCircle.png using Guid(ecfbf915155e35e47ad5b2192dd28821) Importer(815301076,1909f56bfc062723c751e8b465ee728b)  -> (artifact id: '49f241a406c18549e1ee437201bd86ba') in 0.409169 seconds
Number of updated asset objects reloaded before import = 0
Number of asset objects unloaded after import = 3
========================================================================
Received Import Request.
  Time since last request: 2.785448 seconds.
  path: Assets/Resources/Textures/UI/exp orb 32x32.png
  artifactKey: Guid(f86ba61bf1d7ccd4e94f200e8ec278ce) Importer(815301076,1909f56bfc062723c751e8b465ee728b)
Start importing Assets/Resources/Textures/UI/exp orb 32x32.png using Guid(f86ba61bf1d7ccd4e94f200e8ec278ce) Importer(815301076,1909f56bfc062723c751e8b465ee728b)  -> (artifact id: '6d6bfde464381e188c7a5569ab23a25a') in 0.483350 seconds
Number of updated asset objects reloaded before import = 0
Number of asset objects unloaded after import = 3
========================================================================
Received Import Request.
  Time since last request: 0.002529 seconds.
  path: Assets/Resources/FX/New folder/Spell/FB002.png
  artifactKey: Guid(fbad8104515174a439a2fd765f87ade9) Importer(815301076,1909f56bfc062723c751e8b465ee728b)
Start importing Assets/Resources/FX/New folder/Spell/FB002.png using Guid(fbad8104515174a439a2fd765f87ade9) Importer(815301076,1909f56bfc062723c751e8b465ee728b)  -> (artifact id: 'ca35bd2fd8dd0e04f69379a552a7d178') in 1.445180 seconds
Number of updated asset objects reloaded before import = 0
Number of asset objects unloaded after import = 3
========================================================================
Received Import Request.
  Time since last request: 0.001303 seconds.
  path: Assets/Resources/FX/New folder/FB003.png
  artifactKey: Guid(0cb23677219f3a649a615d19e997df0e) Importer(815301076,1909f56bfc062723c751e8b465ee728b)
Start importing Assets/Resources/FX/New folder/FB003.png using Guid(0cb23677219f3a649a615d19e997df0e) Importer(815301076,1909f56bfc062723c751e8b465ee728b)  -> (artifact id: 'c00164b26d9ef1ef923d265f0b9a1363') in 0.328748 seconds
Number of updated asset objects reloaded before import = 0
Number of asset objects unloaded after import = 3
========================================================================
Received Import Request.
  Time since last request: 0.000563 seconds.
  path: Assets/Resources/FX/New folder/Spell/FB001.png
  artifactKey: Guid(53269155e369ac841949409ea3890ba3) Importer(815301076,1909f56bfc062723c751e8b465ee728b)
Start importing Assets/Resources/FX/New folder/Spell/FB001.png using Guid(53269155e369ac841949409ea3890ba3) Importer(815301076,1909f56bfc062723c751e8b465ee728b)  -> (artifact id: '45dfc47d55a9a98d465fc9692fbda67a') in 1.657768 seconds
Number of updated asset objects reloaded before import = 0
Number of asset objects unloaded after import = 3
========================================================================
Received Import Request.
  Time since last request: 0.002209 seconds.
  path: Assets/Resources/FX/New folder/FB002.png
  artifactKey: Guid(a14ef2bef9779e0429223519e4146395) Importer(815301076,1909f56bfc062723c751e8b465ee728b)
Start importing Assets/Resources/FX/New folder/FB002.png using Guid(a14ef2bef9779e0429223519e4146395) Importer(815301076,1909f56bfc062723c751e8b465ee728b)  -> (artifact id: 'c00749932f1cff8ea9440da0d44a4fa9') in 0.277781 seconds
Number of updated asset objects reloaded before import = 0
Number of asset objects unloaded after import = 3
========================================================================
Received Import Request.
  Time since last request: 0.000584 seconds.
  path: Assets/Resources/FX/New folder/FB001.png
  artifactKey: Guid(b3b729925da91a346abf26dfdc2073e8) Importer(815301076,1909f56bfc062723c751e8b465ee728b)
Start importing Assets/Resources/FX/New folder/FB001.png using Guid(b3b729925da91a346abf26dfdc2073e8) Importer(815301076,1909f56bfc062723c751e8b465ee728b)  -> (artifact id: '505195b96fa073356e9d864d9777eae0') in 1.207496 seconds
Number of updated asset objects reloaded before import = 0
Number of asset objects unloaded after import = 3
